[debug] [2023-06-23T05:57:33.991Z] ----------------------------------------------------------------------
[debug] [2023-06-23T05:57:33.994Z] Command:       C:\Program Files\nodejs\node.exe C:\Users\Ayush\AppData\Roaming\npm\node_modules\firebase-tools\lib\bin\firebase.js init storage
[debug] [2023-06-23T05:57:33.995Z] CLI Version:   12.3.0
[debug] [2023-06-23T05:57:33.995Z] Platform:      win32
[debug] [2023-06-23T05:57:33.996Z] Node Version:  v18.14.0
[debug] [2023-06-23T05:57:34.002Z] Time:          Fri Jun 23 2023 11:27:33 GMT+0530 (India Standard Time)
[debug] [2023-06-23T05:57:34.002Z] ----------------------------------------------------------------------
[debug] 
[debug] [2023-06-23T05:57:34.007Z] >>> [apiv2][query] GET https://firebase-public.firebaseio.com/cli.json [none]
[debug] [2023-06-23T05:57:34.185Z] > command requires scopes: ["email","openid","https://www.googleapis.com/auth/cloudplatformprojects.readonly","https://www.googleapis.com/auth/firebase","https://www.googleapis.com/auth/cloud-platform"]
[debug] [2023-06-23T05:57:34.185Z] > authorizing via signed-in user (ayushd175@gmail.com)
[info] 
     ######## #### ########  ######## ########     ###     ######  ########
     ##        ##  ##     ## ##       ##     ##  ##   ##  ##       ##
     ######    ##  ########  ######   ########  #########  ######  ######
     ##        ##  ##    ##  ##       ##     ## ##     ##       ## ##
     ##       #### ##     ## ######## ########  ##     ##  ######  ########

You're about to initialize a Firebase project in this directory:

  D:\repos\skillium-frontend

Before we get started, keep in mind:

  * You are initializing within an existing Firebase project directory

[debug] [2023-06-23T05:57:34.833Z] <<< [apiv2][status] GET https://firebase-public.firebaseio.com/cli.json 200
[debug] [2023-06-23T05:57:34.833Z] <<< [apiv2][body] GET https://firebase-public.firebaseio.com/cli.json {"cloudBuildErrorAfter":1594252800000,"cloudBuildWarnAfter":1590019200000,"defaultNode10After":1594252800000,"minVersion":"3.0.5","node8DeploysDisabledAfter":1613390400000,"node8RuntimeDisabledAfter":1615809600000,"node8WarnAfter":1600128000000}
